<?xml version="1.0" encoding="UTF-8"?>
<!-- Generated by org.testng.reporters.JUnitReportReporter -->
<testsuite skipped="0" hostname="WL355509" name="com.tieto.test.AddPatientTest" tests="1" failures="0" timestamp="2020-07-02T16:54:47 IST" time="17.758" errors="0">
  <testcase name="createPatient" time="17.758" classname="com.tieto.test.AddPatientTest"/>
  <system-out/>
</testsuite> <!-- com.tieto.test.AddPatientTest -->
