<?xml version="1.0" encoding="UTF-8"?>
<!-- Generated by org.testng.reporters.JUnitReportReporter -->
<testsuite skipped="0" hostname="WL355509" name="com.tieto.test.LoginTest" tests="5" failures="0" timestamp="2020-07-03T14:55:16 IST" time="64.868" errors="0">
  <testcase name="validCredentialsTest" time="12.690" classname="com.tieto.test.LoginTest"/>
  <system-out/>
  <testcase name="validCredentialsTest" time="12.775" classname="com.tieto.test.LoginTest"/>
  <system-out/>
  <testcase name="validCredentialsTest" time="12.877" classname="com.tieto.test.LoginTest"/>
  <system-out/>
  <testcase name="validCredentialsTest" time="12.571" classname="com.tieto.test.LoginTest"/>
  <system-out/>
  <testcase name="validCredentialsTest" time="13.955" classname="com.tieto.test.LoginTest"/>
  <system-out/>
</testsuite> <!-- com.tieto.test.LoginTest -->
