<?xml version="1.0" encoding="UTF-8"?>
<!-- Generated by org.testng.reporters.JUnitReportReporter -->
<testsuite skipped="0" hostname="WL355509" name="com.tieto.test.DemoTest" tests="1" failures="0" timestamp="2020-07-03T13:26:36 IST" time="0.499" errors="0">
  <testcase name="readExcel" time="0.499" classname="com.tieto.test.DemoTest"/>
  <system-out/>
</testsuite> <!-- com.tieto.test.DemoTest -->
